<?xml version="1.0" encoding="UTF-8"?>
<!-- Generated by org.testng.reporters.JUnitReportReporter -->
<testsuite skipped="0" hostname="ATMECSINDT-068" name="com.atmecs.toolsqademosite.testscript.ShopHomePageProductValidation" tests="1" failures="0" timestamp="28 Aug 2019 14:22:45 GMT" time="4.107" errors="0">
  <testcase name="shophmpg_productvalidation" time="4.107" classname="com.atmecs.toolsqademosite.testscript.ShopHomePageProductValidation"/>
</testsuite> <!-- com.atmecs.toolsqademosite.testscript.ShopHomePageProductValidation -->
