<?xml version="1.0" encoding="UTF-8"?>
<!-- Generated by org.testng.reporters.JUnitReportReporter -->
<testsuite skipped="0" hostname="ATMECSINDT-068" name="com.atmecs.toolsqademosite.testscript.ShopThirdPageValidation" tests="1" failures="0" timestamp="28 Aug 2019 12:32:17 GMT" time="5.042" errors="0">
  <testcase name="shopthirdpgvalidation" time="5.042" classname="com.atmecs.toolsqademosite.testscript.ShopThirdPageValidation"/>
</testsuite> <!-- com.atmecs.toolsqademosite.testscript.ShopThirdPageValidation -->
