<?xml version="1.0" encoding="UTF-8"?>
<!-- Generated by org.testng.reporters.JUnitReportReporter -->
<testsuite skipped="0" hostname="ATMECSINDT-068" name="com.atmecs.toolsqademosite.testscript.ShopThirdPageProductListValidation" tests="1" failures="0" timestamp="28 Aug 2019 13:43:45 GMT" time="21.322" errors="0">
  <testcase name="shopthirdpageProductlistvalidation" time="21.322" classname="com.atmecs.toolsqademosite.testscript.ShopThirdPageProductListValidation"/>
</testsuite> <!-- com.atmecs.toolsqademosite.testscript.ShopThirdPageProductListValidation -->
