<?xml version="1.0" encoding="UTF-8"?>
<!-- Generated by org.testng.reporters.JUnitReportReporter -->
<testsuite skipped="0" hostname="ATMECSINDT-068" name="com.atmecs.toolsqademosite.testsuit.TestBase" tests="1" failures="0" timestamp="28 Aug 2019 05:34:58 GMT" time="14.711" errors="0">
  <testcase name="openBrowser" time="14.711" classname="com.atmecs.toolsqademosite.testsuit.TestBase"/>
</testsuite> <!-- com.atmecs.toolsqademosite.testsuit.TestBase -->
